p = 131
k = 1
n = 130

printing order of each element (0 ... 130):
      1   1 130  65  65  65 130  65 130  65 130  65  65  65 130  65  65 130  26  26
     65  65 130 130  26  65 130  65  65 130 130 130  26  65  65  65  65 130  65  13
    130  65  10  65  65  13  65  26  65  65 130  26  13   5 130  65 130 130   5  65
     13   5  13  13  65  65 130 130  26  26  10  26 130  10  65  65 130  65  10  26
     13  65 130 130  13 130  26 130 130   5 130  65  26 130  65 130 130 130 130  13
     65  65  65 130 130  65 130  13  65  65 130 130  13  13  65 130 130  65 130 130
    130  65 130  65 130  65 130 130 130  65   2 
printing primitive elements:
      2   6   8  10  14  17  22  23  26  29  30  31  37  40  50  54  56  57  66  67
     72  76  82  83  85  87  88  90  93  95  96  97  98 103 104 106 110 111 115 116
    118 119 120 122 124 126 127 128 
printing powers of primitive element 2 (2^0 ... 2^130):
      1   2   4   8  16  32  64 128 125 119 107  83  35  70   9  18  36  72  13  26
     52 104  77  23  46  92  53 106  81  31  62 124 117 103  75  19  38  76  21  42
     84  37  74  17  34  68   5  10  20  40  80  29  58 116 101  71  11  22  44  88
     45  90  49  98  65 130 129 127 123 115  99  67   3   6  12  24  48  96  61 122
    113  95  59 118 105  79  27  54 108  85  39  78  25  50 100  69   7  14  28  56
    112  93  55 110  89  47  94  57 114  97  63 126 121 111  91  51 102  73  15  30
     60 120 109  87  43  86  41  82  33  66   1 
printing number of elements in each order ...
    order[1] -> 2
    order[2] -> 1
    order[5] -> 4
    order[10] -> 4
    order[13] -> 12
    order[26] -> 12
    order[65] -> 48
    order[130] -> 48
